2020-05-19 19:52:46,051 DEBUG c.o.StartLoader [http-nio-8080-exec-2] файл с именем -yaml_catalog.xml успешно выгружен
2020-05-19 19:52:46,352 INFO c.o.x.XmlCategories [http-nio-8080-exec-2]  id - 22, parentId - 0, name - Батуты
2020-05-19 19:52:46,353 INFO c.o.x.XmlCategories [http-nio-8080-exec-2]  id - 50, parentId - 22, name - Simple series
2020-05-19 19:52:46,354 INFO c.o.x.XmlCategories [http-nio-8080-exec-2]  id - 36, parentId - 22, name - Classic series
2020-05-19 19:52:46,354 INFO c.o.x.XmlCategories [http-nio-8080-exec-2]  id - 37, parentId - 22, name - Supreme series
2020-05-19 19:52:46,361 INFO c.o.x.XmlCategories [http-nio-8080-exec-2]  id - 41, parentId - 22, name - Аксессуары
2020-05-19 19:52:46,362 INFO c.o.x.XmlCategories [http-nio-8080-exec-2]  id - 29, parentId - 0, name - Беговые дорожки
2020-05-19 19:52:46,362 INFO c.o.x.XmlCategories [http-nio-8080-exec-2]  id - 34, parentId - 29, name - ST series
2020-05-19 19:52:46,362 INFO c.o.x.XmlCategories [http-nio-8080-exec-2]  id - 35, parentId - 29, name - MX series
2020-05-19 19:52:46,363 INFO c.o.x.XmlCategories [http-nio-8080-exec-2]  id - 49, parentId - 29, name - Ultra-Slim series
2020-05-19 19:52:46,363 INFO c.o.x.XmlCategories [http-nio-8080-exec-2]  id - 42, parentId - 29, name - Аксессуары
2020-05-19 19:52:46,363 INFO c.o.x.XmlCategories [http-nio-8080-exec-2]  id - 33, parentId - 0, name - Велотренажеры
2020-05-19 19:52:46,363 INFO c.o.x.XmlCategories [http-nio-8080-exec-2]  id - 48, parentId - 33, name - BL series
2020-05-19 19:52:46,363 INFO c.o.x.XmlCategories [http-nio-8080-exec-2]  id - 47, parentId - 33, name - SB series
2020-05-19 19:52:46,364 INFO c.o.x.XmlCategories [http-nio-8080-exec-2]  id - 31, parentId - 0, name - Эллиптические тренажеры
2020-05-19 19:52:46,364 INFO c.o.x.XmlCategories [http-nio-8080-exec-2]  id - 38, parentId - 31, name - SL series
2020-05-19 19:52:46,364 INFO c.o.x.XmlCategories [http-nio-8080-exec-2]  id - 39, parentId - 31, name - MV series
2020-05-19 19:52:46,365 INFO c.o.x.XmlCategories [http-nio-8080-exec-2]  id - 45, parentId - 31, name - Аксессуары
2020-05-19 19:52:46,365 INFO c.o.x.XmlCategories [http-nio-8080-exec-2]  id - 30, parentId - 0, name - Теннисные столы
2020-05-19 19:52:46,366 INFO c.o.x.XmlCategories [http-nio-8080-exec-2]  id - 32, parentId - 0, name - Аксессуары
2020-05-19 19:52:46,366 INFO c.o.x.XmlCategories [http-nio-8080-exec-2]  id - 46, parentId - 0, name - Товары со скидкой
2020-05-19 19:52:46,366 DEBUG c.o.x.XmlCategories [http-nio-8080-exec-2] Парсинг категорий прошел успешно
